  3D Engine.cpp
Z:\3D Engine\3D Engine\Matrix.h(128,19): warning C4244: 'initializing': conversion from 'double' to 'float', possible loss of data
Z:\3D Engine\3D Engine\Matrix.h(129,19): warning C4244: 'initializing': conversion from 'double' to 'float', possible loss of data
Z:\3D Engine\3D Engine\Matrix.h(148,19): warning C4244: 'initializing': conversion from 'double' to 'float', possible loss of data
Z:\3D Engine\3D Engine\Matrix.h(149,19): warning C4244: 'initializing': conversion from 'double' to 'float', possible loss of data
Z:\3D Engine\3D Engine\Matrix.h(168,19): warning C4244: 'initializing': conversion from 'double' to 'float', possible loss of data
Z:\3D Engine\3D Engine\Matrix.h(169,19): warning C4244: 'initializing': conversion from 'double' to 'float', possible loss of data
  Graphics.cpp
  Matrix.cpp
  Vector.cpp
  Generating Code...
3D Engine.obj : error LNK2019: unresolved external symbol _glfwInit referenced in function _main
3D Engine.obj : error LNK2019: unresolved external symbol _glfwTerminate referenced in function _main
3D Engine.obj : error LNK2019: unresolved external symbol _glfwCreateWindow referenced in function _main
3D Engine.obj : error LNK2019: unresolved external symbol _glfwWindowShouldClose referenced in function _main
3D Engine.obj : error LNK2019: unresolved external symbol _glfwPollEvents referenced in function _main
3D Engine.obj : error LNK2019: unresolved external symbol _glfwMakeContextCurrent referenced in function _main
3D Engine.obj : error LNK2019: unresolved external symbol _glfwSwapBuffers referenced in function _main
3D Engine.obj : error LNK2019: unresolved external symbol "public: __thiscall Matrix4x4::Matrix4x4(void)" (??0Matrix4x4@@QAE@XZ) referenced in function "public: static class Matrix4x4 __cdecl Matrix4x4::Multiply(float const (* const)[4],float const (* const)[4])" (?Multiply@Matrix4x4@@SA?AV1@QAY03$$CBM0@Z)
Z:\3D Engine\Dependencies\glfw-3.3.8.bin.WIN64\glfw-3.3.8.bin.WIN64\lib-vc2022\glfw3.lib : warning LNK4272: library machine type 'x64' conflicts with target machine type 'x86'
Z:\3D Engine\Debug\3D Engine.exe : fatal error LNK1120: 8 unresolved externals
