  3D Engine.cpp
Z:\3D Engine\3D Engine\Utility.h(137,24): warning C4244: 'return': conversion from 'double' to 'float', possible loss of data
  (compiling source file '3D%20Engine.cpp')
  
Z:\3D Engine\3D Engine\Utility.h(141,21): warning C4244: 'return': conversion from 'double' to 'float', possible loss of data
  (compiling source file '3D%20Engine.cpp')
  
Z:\3D Engine\3D Engine\Graphics.h(88,2): warning C4091: 'static ': ignored on left of 'DrawAPI' when no variable is declared
  (compiling source file '3D%20Engine.cpp')
  
Z:\3D Engine\3D Engine\Graphics.h(33,43): warning C4244: 'argument': conversion from 'T' to 'GLubyte', possible loss of data
Z:\3D Engine\3D Engine\Graphics.h(33,43): warning C4244:         with
Z:\3D Engine\3D Engine\Graphics.h(33,43): warning C4244:         [
Z:\3D Engine\3D Engine\Graphics.h(33,43): warning C4244:             T=float
Z:\3D Engine\3D Engine\Graphics.h(33,43): warning C4244:         ]
  (compiling source file '3D%20Engine.cpp')
  
Z:\3D Engine\3D Engine\Graphics.h(33,34): warning C4244: 'argument': conversion from 'T' to 'GLubyte', possible loss of data
Z:\3D Engine\3D Engine\Graphics.h(33,34): warning C4244:         with
Z:\3D Engine\3D Engine\Graphics.h(33,34): warning C4244:         [
Z:\3D Engine\3D Engine\Graphics.h(33,34): warning C4244:             T=float
Z:\3D Engine\3D Engine\Graphics.h(33,34): warning C4244:         ]
  (compiling source file '3D%20Engine.cpp')
  
Z:\3D Engine\3D Engine\Graphics.h(33,25): warning C4244: 'argument': conversion from 'T' to 'GLubyte', possible loss of data
Z:\3D Engine\3D Engine\Graphics.h(33,25): warning C4244:         with
Z:\3D Engine\3D Engine\Graphics.h(33,25): warning C4244:         [
Z:\3D Engine\3D Engine\Graphics.h(33,25): warning C4244:             T=float
Z:\3D Engine\3D Engine\Graphics.h(33,25): warning C4244:         ]
  (compiling source file '3D%20Engine.cpp')
  
Z:\3D Engine\3D Engine\Graphics.h(38,26): warning C4244: 'argument': conversion from 'float' to 'GLubyte', possible loss of data
  (compiling source file '3D%20Engine.cpp')
  
Z:\3D Engine\3D Engine\Graphics.h(38,23): warning C4244: 'argument': conversion from 'float' to 'GLubyte', possible loss of data
  (compiling source file '3D%20Engine.cpp')
  
Z:\3D Engine\3D Engine\Graphics.h(38,20): warning C4244: 'argument': conversion from 'float' to 'GLubyte', possible loss of data
  (compiling source file '3D%20Engine.cpp')
  
Z:\3D Engine\3D Engine\Graphics.h(43,21): warning C4244: 'argument': conversion from 'int' to 'GLfloat', possible loss of data
  (compiling source file '3D%20Engine.cpp')
  
Z:\3D Engine\3D Engine\Graphics.h(48,21): warning C4244: 'argument': conversion from 'int' to 'GLfloat', possible loss of data
  (compiling source file '3D%20Engine.cpp')
  
Z:\3D Engine\3D Engine\Graphics.h(189,25): warning C4305: 'initializing': truncation from 'double' to 'float'
  (compiling source file '3D%20Engine.cpp')
  
Z:\3D Engine\3D Engine\Graphics.h(233,22): warning C4244: '=': conversion from 'int' to 'float', possible loss of data
  (compiling source file '3D%20Engine.cpp')
  
Z:\3D Engine\3D Engine\Graphics.h(234,17): warning C4244: 'argument': conversion from 'int' to 'float', possible loss of data
  (compiling source file '3D%20Engine.cpp')
  
Z:\3D Engine\3D Engine\Graphics.h(351,52): warning C4244: 'argument': conversion from 'double' to 'T', possible loss of data
Z:\3D Engine\3D Engine\Graphics.h(351,52): warning C4244:         with
Z:\3D Engine\3D Engine\Graphics.h(351,52): warning C4244:         [
Z:\3D Engine\3D Engine\Graphics.h(351,52): warning C4244:             T=float
Z:\3D Engine\3D Engine\Graphics.h(351,52): warning C4244:         ]
  (compiling source file '3D%20Engine.cpp')
  
Z:\3D Engine\3D Engine\Graphics.h(350,52): warning C4244: 'argument': conversion from 'double' to 'T', possible loss of data
Z:\3D Engine\3D Engine\Graphics.h(350,52): warning C4244:         with
Z:\3D Engine\3D Engine\Graphics.h(350,52): warning C4244:         [
Z:\3D Engine\3D Engine\Graphics.h(350,52): warning C4244:             T=float
Z:\3D Engine\3D Engine\Graphics.h(350,52): warning C4244:         ]
  (compiling source file '3D%20Engine.cpp')
  
Z:\3D Engine\3D Engine\Graphics.h(349,52): warning C4244: 'argument': conversion from 'double' to 'T', possible loss of data
Z:\3D Engine\3D Engine\Graphics.h(349,52): warning C4244:         with
Z:\3D Engine\3D Engine\Graphics.h(349,52): warning C4244:         [
Z:\3D Engine\3D Engine\Graphics.h(349,52): warning C4244:             T=float
Z:\3D Engine\3D Engine\Graphics.h(349,52): warning C4244:         ]
  (compiling source file '3D%20Engine.cpp')
  
Z:\3D Engine\3D Engine\Graphics.h(385,37): warning C4244: 'argument': conversion from 'double' to 'float', possible loss of data
  (compiling source file '3D%20Engine.cpp')
  
Z:\3D Engine\3D Engine\Graphics.h(750,80): warning C4305: 'argument': truncation from 'double' to 'float'
  (compiling source file '3D%20Engine.cpp')
  
Z:\3D Engine\3D Engine\Graphics.h(806,15): warning C4244: 'argument': conversion from 'int' to 'float', possible loss of data
  (compiling source file '3D%20Engine.cpp')
  
Z:\3D Engine\3D Engine\Graphics.h(852,15): warning C4244: 'argument': conversion from 'int' to 'float', possible loss of data
  (compiling source file '3D%20Engine.cpp')
  
Z:\3D Engine\3D Engine\Graphics.h(977,25): warning C4244: 'initializing': conversion from 'float' to 'int', possible loss of data
  (compiling source file '3D%20Engine.cpp')
  
Z:\3D Engine\3D Engine\Graphics.h(978,25): warning C4244: 'initializing': conversion from 'float' to 'int', possible loss of data
  (compiling source file '3D%20Engine.cpp')
  
Z:\3D Engine\3D Engine\Graphics.h(979,25): warning C4244: 'initializing': conversion from 'float' to 'int', possible loss of data
  (compiling source file '3D%20Engine.cpp')
  
Z:\3D Engine\3D Engine\Graphics.h(1033,76): warning C4267: 'argument': conversion from 'size_t' to 'const int', possible loss of data
  (compiling source file '3D%20Engine.cpp')
  
Z:\3D Engine\3D Engine\Graphics.h(1037,70): warning C4267: 'argument': conversion from 'size_t' to 'const int', possible loss of data
  (compiling source file '3D%20Engine.cpp')
  
Z:\3D Engine\3D Engine\Graphics.h(1065,51): warning C4267: '=': conversion from 'size_t' to 'int', possible loss of data
  (compiling source file '3D%20Engine.cpp')
  
Z:\3D Engine\3D Engine\Physics.h(13,25): warning C4305: 'argument': truncation from 'double' to 'T'
Z:\3D Engine\3D Engine\Physics.h(13,25): warning C4305:         with
Z:\3D Engine\3D Engine\Physics.h(13,25): warning C4305:         [
Z:\3D Engine\3D Engine\Physics.h(13,25): warning C4305:             T=float
Z:\3D Engine\3D Engine\Physics.h(13,25): warning C4305:         ]
  (compiling source file '3D%20Engine.cpp')
  
Z:\3D Engine\3D Engine\Physics.h(56,28): warning C4244: '=': conversion from 'double' to 'int', possible loss of data
  (compiling source file '3D%20Engine.cpp')
  
Z:\3D Engine\3D Engine\Physics.h(191,111): warning C4244: 'argument': conversion from 'double' to 'const T', possible loss of data
Z:\3D Engine\3D Engine\Physics.h(191,111): warning C4244:         with
Z:\3D Engine\3D Engine\Physics.h(191,111): warning C4244:         [
Z:\3D Engine\3D Engine\Physics.h(191,111): warning C4244:             T=float
Z:\3D Engine\3D Engine\Physics.h(191,111): warning C4244:         ]
  (compiling source file '3D%20Engine.cpp')
  
Z:\3D Engine\3D Engine\Physics.h(295,89): warning C4267: 'argument': conversion from 'size_t' to 'const int', possible loss of data
  (compiling source file '3D%20Engine.cpp')
  
Z:\3D Engine\3D Engine\Physics.h(296,89): warning C4267: 'argument': conversion from 'size_t' to 'const int', possible loss of data
  (compiling source file '3D%20Engine.cpp')
  
Z:\3D Engine\3D Engine\Physics.h(350,93): warning C4267: 'argument': conversion from 'size_t' to 'const int', possible loss of data
  (compiling source file '3D%20Engine.cpp')
  
Z:\3D Engine\3D Engine\Physics.h(351,93): warning C4267: 'argument': conversion from 'size_t' to 'const int', possible loss of data
  (compiling source file '3D%20Engine.cpp')
  
Z:\3D Engine\3D Engine\Physics.h(387,48): warning C4305: 'argument': truncation from 'double' to 'const T'
Z:\3D Engine\3D Engine\Physics.h(387,48): warning C4305:         with
Z:\3D Engine\3D Engine\Physics.h(387,48): warning C4305:         [
Z:\3D Engine\3D Engine\Physics.h(387,48): warning C4305:             T=float
Z:\3D Engine\3D Engine\Physics.h(387,48): warning C4305:         ]
  (compiling source file '3D%20Engine.cpp')
  
Z:\3D Engine\3D Engine\Physics.h(388,50): warning C4305: 'argument': truncation from 'double' to 'const T'
Z:\3D Engine\3D Engine\Physics.h(388,50): warning C4305:         with
Z:\3D Engine\3D Engine\Physics.h(388,50): warning C4305:         [
Z:\3D Engine\3D Engine\Physics.h(388,50): warning C4305:             T=float
Z:\3D Engine\3D Engine\Physics.h(388,50): warning C4305:         ]
  (compiling source file '3D%20Engine.cpp')
  
Z:\3D Engine\3D Engine\Physics.h(574,44): warning C4244: 'argument': conversion from 'double' to 'const T', possible loss of data
Z:\3D Engine\3D Engine\Physics.h(574,44): warning C4244:         with
Z:\3D Engine\3D Engine\Physics.h(574,44): warning C4244:         [
Z:\3D Engine\3D Engine\Physics.h(574,44): warning C4244:             T=float
Z:\3D Engine\3D Engine\Physics.h(574,44): warning C4244:         ]
  (compiling source file '3D%20Engine.cpp')
  
Z:\3D Engine\3D Engine\Physics.h(578,39): warning C4244: 'argument': conversion from 'double' to 'const T', possible loss of data
Z:\3D Engine\3D Engine\Physics.h(578,39): warning C4244:         with
Z:\3D Engine\3D Engine\Physics.h(578,39): warning C4244:         [
Z:\3D Engine\3D Engine\Physics.h(578,39): warning C4244:             T=float
Z:\3D Engine\3D Engine\Physics.h(578,39): warning C4244:         ]
  (compiling source file '3D%20Engine.cpp')
  
Z:\3D Engine\3D Engine\Physics.h(580,35): warning C4244: 'argument': conversion from 'double' to 'const T', possible loss of data
Z:\3D Engine\3D Engine\Physics.h(580,35): warning C4244:         with
Z:\3D Engine\3D Engine\Physics.h(580,35): warning C4244:         [
Z:\3D Engine\3D Engine\Physics.h(580,35): warning C4244:             T=float
Z:\3D Engine\3D Engine\Physics.h(580,35): warning C4244:         ]
  (compiling source file '3D%20Engine.cpp')
  
Z:\3D Engine\3D Engine\Physics.h(583,44): warning C4244: 'argument': conversion from 'double' to 'const T', possible loss of data
Z:\3D Engine\3D Engine\Physics.h(583,44): warning C4244:         with
Z:\3D Engine\3D Engine\Physics.h(583,44): warning C4244:         [
Z:\3D Engine\3D Engine\Physics.h(583,44): warning C4244:             T=float
Z:\3D Engine\3D Engine\Physics.h(583,44): warning C4244:         ]
  (compiling source file '3D%20Engine.cpp')
  
Z:\3D Engine\3D Engine\Physics.h(588,37): warning C4244: 'argument': conversion from 'double' to 'const T', possible loss of data
Z:\3D Engine\3D Engine\Physics.h(588,37): warning C4244:         with
Z:\3D Engine\3D Engine\Physics.h(588,37): warning C4244:         [
Z:\3D Engine\3D Engine\Physics.h(588,37): warning C4244:             T=float
Z:\3D Engine\3D Engine\Physics.h(588,37): warning C4244:         ]
  (compiling source file '3D%20Engine.cpp')
  
Z:\3D Engine\3D Engine\Physics.h(592,35): warning C4244: 'initializing': conversion from 'double' to 'float', possible loss of data
  (compiling source file '3D%20Engine.cpp')
  
Z:\3D Engine\3D Engine\Physics.h(593,104): warning C4244: 'argument': conversion from 'double' to 'float', possible loss of data
  (compiling source file '3D%20Engine.cpp')
  
Z:\3D Engine\3D Engine\Physics.h(598,33): warning C4244: 'initializing': conversion from 'double' to 'float', possible loss of data
  (compiling source file '3D%20Engine.cpp')
  
Z:\3D Engine\3D Engine\Physics.h(600,60): warning C4244: 'argument': conversion from 'double' to 'const T', possible loss of data
Z:\3D Engine\3D Engine\Physics.h(600,60): warning C4244:         with
Z:\3D Engine\3D Engine\Physics.h(600,60): warning C4244:         [
Z:\3D Engine\3D Engine\Physics.h(600,60): warning C4244:             T=float
Z:\3D Engine\3D Engine\Physics.h(600,60): warning C4244:         ]
  (compiling source file '3D%20Engine.cpp')
  
Z:\3D Engine\3D Engine\Physics.h(604,33): warning C4244: 'initializing': conversion from 'double' to 'float', possible loss of data
  (compiling source file '3D%20Engine.cpp')
  
Z:\3D Engine\3D Engine\Physics.h(606,62): warning C4244: 'argument': conversion from 'double' to 'const T', possible loss of data
Z:\3D Engine\3D Engine\Physics.h(606,62): warning C4244:         with
Z:\3D Engine\3D Engine\Physics.h(606,62): warning C4244:         [
Z:\3D Engine\3D Engine\Physics.h(606,62): warning C4244:             T=float
Z:\3D Engine\3D Engine\Physics.h(606,62): warning C4244:         ]
  (compiling source file '3D%20Engine.cpp')
  
Z:\3D Engine\3D Engine\Physics.h(610,33): warning C4244: 'initializing': conversion from 'double' to 'float', possible loss of data
  (compiling source file '3D%20Engine.cpp')
  
Z:\3D Engine\3D Engine\Physics.h(612,62): warning C4244: 'argument': conversion from 'double' to 'const T', possible loss of data
Z:\3D Engine\3D Engine\Physics.h(612,62): warning C4244:         with
Z:\3D Engine\3D Engine\Physics.h(612,62): warning C4244:         [
Z:\3D Engine\3D Engine\Physics.h(612,62): warning C4244:             T=float
Z:\3D Engine\3D Engine\Physics.h(612,62): warning C4244:         ]
  (compiling source file '3D%20Engine.cpp')
  
Z:\3D Engine\3D Engine\Physics.h(624,53): warning C4244: 'argument': conversion from 'double' to 'const T', possible loss of data
Z:\3D Engine\3D Engine\Physics.h(624,53): warning C4244:         with
Z:\3D Engine\3D Engine\Physics.h(624,53): warning C4244:         [
Z:\3D Engine\3D Engine\Physics.h(624,53): warning C4244:             T=float
Z:\3D Engine\3D Engine\Physics.h(624,53): warning C4244:         ]
  (compiling source file '3D%20Engine.cpp')
  
Z:\3D Engine\3D Engine\Physics.h(626,55): warning C4244: 'argument': conversion from 'double' to 'const T', possible loss of data
Z:\3D Engine\3D Engine\Physics.h(626,55): warning C4244:         with
Z:\3D Engine\3D Engine\Physics.h(626,55): warning C4244:         [
Z:\3D Engine\3D Engine\Physics.h(626,55): warning C4244:             T=float
Z:\3D Engine\3D Engine\Physics.h(626,55): warning C4244:         ]
  (compiling source file '3D%20Engine.cpp')
  
Z:\3D Engine\3D Engine\Input.h(14,24): warning C4305: 'initializing': truncation from 'double' to 'float'
  (compiling source file '3D%20Engine.cpp')
  
Z:\3D Engine\3D Engine\Input.h(37,56): warning C4244: 'argument': conversion from 'double' to 'float', possible loss of data
  (compiling source file '3D%20Engine.cpp')
  
Z:\3D Engine\3D Engine\Input.h(37,48): warning C4244: 'argument': conversion from 'double' to 'float', possible loss of data
  (compiling source file '3D%20Engine.cpp')
  
Z:\3D Engine\3D Engine\Input.h(39,51): warning C4244: 'argument': conversion from 'double' to 'float', possible loss of data
  (compiling source file '3D%20Engine.cpp')
  
Z:\3D Engine\3D Engine\Input.h(39,43): warning C4244: 'argument': conversion from 'double' to 'float', possible loss of data
  (compiling source file '3D%20Engine.cpp')
  
Z:\3D Engine\3D Engine\Input.h(88,24): warning C4244: 'argument': conversion from 'double' to 'int', possible loss of data
  (compiling source file '3D%20Engine.cpp')
  
Z:\3D Engine\3D Engine\Input.h(90,19): warning C4244: '+=': conversion from 'double' to 'float', possible loss of data
  (compiling source file '3D%20Engine.cpp')
  
Z:\3D Engine\3D Engine\Input.h(139,28): warning C4305: 'argument': truncation from 'double' to 'const T'
Z:\3D Engine\3D Engine\Input.h(139,28): warning C4305:         with
Z:\3D Engine\3D Engine\Input.h(139,28): warning C4305:         [
Z:\3D Engine\3D Engine\Input.h(139,28): warning C4305:             T=float
Z:\3D Engine\3D Engine\Input.h(139,28): warning C4305:         ]
  (compiling source file '3D%20Engine.cpp')
  
Z:\3D Engine\3D Engine\Input.h(146,28): warning C4305: 'argument': truncation from 'double' to 'const T'
Z:\3D Engine\3D Engine\Input.h(146,28): warning C4305:         with
Z:\3D Engine\3D Engine\Input.h(146,28): warning C4305:         [
Z:\3D Engine\3D Engine\Input.h(146,28): warning C4305:             T=float
Z:\3D Engine\3D Engine\Input.h(146,28): warning C4305:         ]
  (compiling source file '3D%20Engine.cpp')
  
Z:\3D Engine\3D Engine\Input.h(281,54): warning C4244: 'argument': conversion from 'double' to 'float', possible loss of data
  (compiling source file '3D%20Engine.cpp')
  
Z:\3D Engine\3D Engine\Input.h(285,55): warning C4244: 'argument': conversion from 'double' to 'float', possible loss of data
  (compiling source file '3D%20Engine.cpp')
  
Z:\3D Engine\3D Engine\Input.h(289,54): warning C4244: 'argument': conversion from 'double' to 'float', possible loss of data
  (compiling source file '3D%20Engine.cpp')
  
Z:\3D Engine\3D Engine\Input.h(293,55): warning C4244: 'argument': conversion from 'double' to 'float', possible loss of data
  (compiling source file '3D%20Engine.cpp')
  
Z:\3D Engine\3D Engine\Input.h(297,54): warning C4244: 'argument': conversion from 'double' to 'float', possible loss of data
  (compiling source file '3D%20Engine.cpp')
  
Z:\3D Engine\3D Engine\Input.h(301,55): warning C4244: 'argument': conversion from 'double' to 'float', possible loss of data
  (compiling source file '3D%20Engine.cpp')
  
Z:\3D Engine\3D Engine\3D Engine.cpp(120,68): warning C4244: 'argument': conversion from 'int' to 'const T', possible loss of data
Z:\3D Engine\3D Engine\3D Engine.cpp(120,68): warning C4244:         with
Z:\3D Engine\3D Engine\3D Engine.cpp(120,68): warning C4244:         [
Z:\3D Engine\3D Engine\3D Engine.cpp(120,68): warning C4244:             T=float
Z:\3D Engine\3D Engine\3D Engine.cpp(120,68): warning C4244:         ]
Z:\3D Engine\3D Engine\3D Engine.cpp(120,93): warning C4244: 'argument': conversion from 'int' to 'const T', possible loss of data
Z:\3D Engine\3D Engine\3D Engine.cpp(120,93): warning C4244:         with
Z:\3D Engine\3D Engine\3D Engine.cpp(120,93): warning C4244:         [
Z:\3D Engine\3D Engine\3D Engine.cpp(120,93): warning C4244:             T=float
Z:\3D Engine\3D Engine\3D Engine.cpp(120,93): warning C4244:         ]
Z:\3D Engine\3D Engine\3D Engine.cpp(125,60): warning C4244: 'argument': conversion from 'double' to 'int', possible loss of data
Z:\3D Engine\3D Engine\3D Engine.cpp(131,62): warning C4244: 'argument': conversion from 'double' to 'int', possible loss of data
Z:\3D Engine\3D Engine\3D Engine.cpp(135,63): warning C4244: 'argument': conversion from 'double' to 'int', possible loss of data
Z:\3D Engine\3D Engine\3D Engine.cpp(139,62): warning C4244: 'argument': conversion from 'double' to 'int', possible loss of data
Z:\3D Engine\3D Engine\3D Engine.cpp(143,63): warning C4244: 'argument': conversion from 'double' to 'int', possible loss of data
Z:\3D Engine\3D Engine\Utility.h(35,48): warning C4267: '=': conversion from 'size_t' to 'int', possible loss of data
  (compiling source file '3D%20Engine.cpp')
  Z:\3D Engine\3D Engine\Utility.h(35,48):
  the template instantiation context (the oldest one first) is
  	Z:\3D Engine\3D Engine\Physics.h(139,47):
  	see reference to class template instantiation 'ManagedObjectPool<PhysicsObject>' being compiled
  	Z:\3D Engine\3D Engine\Utility.h(25,6):
  	while compiling class template member function 'ManagedObjectPool<PhysicsObject>::~ManagedObjectPool(void)'
  		Z:\3D Engine\3D Engine\Physics.h(145,84):
  		see the first reference to 'ManagedObjectPool<PhysicsObject>::~ManagedObjectPool' in 'PhysicsObject::PhysicsObject'
  
Z:\3D Engine\3D Engine\Utility.h(22,48): warning C4267: '=': conversion from 'size_t' to 'int', possible loss of data
  (compiling source file '3D%20Engine.cpp')
  Z:\3D Engine\3D Engine\Utility.h(22,48):
  the template instantiation context (the oldest one first) is
  	Z:\3D Engine\3D Engine\Utility.h(17,5):
  	while compiling class template member function 'ManagedObjectPool<PhysicsObject>::ManagedObjectPool(T *)'
          with
          [
              T=PhysicsObject
          ]
  		Z:\3D Engine\3D Engine\Physics.h(145,84):
  		see the first reference to 'ManagedObjectPool<PhysicsObject>::ManagedObjectPool' in 'PhysicsObject::PhysicsObject'
  
  Generating code
  1 of 1147 functions (<0.1%) were compiled, the rest were copied from previous compilation.
    0 functions were new in current compilation
    3 functions had inline decision re-evaluated but remain unchanged
  Finished generating code
  3D Engine.vcxproj -> Z:\3D Engine\x64\Release\3D Engine.exe
